Determining if the pthread_create exist failed with the following output:
Change Dir: /home/jieming/car_ws/src/my_controller/cmake-build-debug/CMakeFiles/CMakeTmp

Run Build Command(s):/usr/bin/make cmTC_91d19/fast 
/usr/bin/make -f CMakeFiles/cmTC_91d19.dir/build.make CMakeFiles/cmTC_91d19.dir/build
make[1]: Entering directory '/home/jieming/car_ws/src/my_controller/cmake-build-debug/CMakeFiles/CMakeTmp'
Building C object CMakeFiles/cmTC_91d19.dir/CheckSymbolExists.c.o
/usr/bin/cc    -o CMakeFiles/cmTC_91d19.dir/CheckSymbolExists.c.o   -c /home/jieming/car_ws/src/my_controller/cmake-build-debug/CMakeFiles/CMakeTmp/CheckSymbolExists.c
Linking C executable cmTC_91d19
/opt/clion-2019.1.4/bin/cmake/linux/bin/cmake -E cmake_link_script CMakeFiles/cmTC_91d19.dir/link.txt --verbose=1
/usr/bin/cc      -rdynamic CMakeFiles/cmTC_91d19.dir/CheckSymbolExists.c.o  -o cmTC_91d19 
CMakeFiles/cmTC_91d19.dir/CheckSymbolExists.c.o: In function `main':
CheckSymbolExists.c:(.text+0x1b): undefined reference to `pthread_create'
collect2: error: ld returned 1 exit status
CMakeFiles/cmTC_91d19.dir/build.make:86: recipe for target 'cmTC_91d19' failed
make[1]: *** [cmTC_91d19] Error 1
make[1]: Leaving directory '/home/jieming/car_ws/src/my_controller/cmake-build-debug/CMakeFiles/CMakeTmp'
Makefile:121: recipe for target 'cmTC_91d19/fast' failed
make: *** [cmTC_91d19/fast] Error 2

File /home/jieming/car_ws/src/my_controller/cmake-build-debug/CMakeFiles/CMakeTmp/CheckSymbolExists.c:
/* */
#include <pthread.h>

int main(int argc, char** argv)
{
  (void)argv;
#ifndef pthread_create
  return ((int*)(&pthread_create))[argc];
#else
  (void)argc;
  return 0;
#endif
}

Determining if the function pthread_create exists in the pthreads failed with the following output:
Change Dir: /home/jieming/car_ws/src/my_controller/cmake-build-debug/CMakeFiles/CMakeTmp

Run Build Command(s):/usr/bin/make cmTC_f109c/fast 
/usr/bin/make -f CMakeFiles/cmTC_f109c.dir/build.make CMakeFiles/cmTC_f109c.dir/build
make[1]: Entering directory '/home/jieming/car_ws/src/my_controller/cmake-build-debug/CMakeFiles/CMakeTmp'
Building C object CMakeFiles/cmTC_f109c.dir/CheckFunctionExists.c.o
/usr/bin/cc   -DCHECK_FUNCTION_EXISTS=pthread_create   -o CMakeFiles/cmTC_f109c.dir/CheckFunctionExists.c.o   -c /opt/clion-2019.1.4/bin/cmake/linux/share/cmake-3.14/Modules/CheckFunctionExists.c
Linking C executable cmTC_f109c
/opt/clion-2019.1.4/bin/cmake/linux/bin/cmake -E cmake_link_script CMakeFiles/cmTC_f109c.dir/link.txt --verbose=1
/usr/bin/cc  -DCHECK_FUNCTION_EXISTS=pthread_create    -rdynamic CMakeFiles/cmTC_f109c.dir/CheckFunctionExists.c.o  -o cmTC_f109c -lpthreads 
/usr/bin/ld: cannot find -lpthreads
collect2: error: ld returned 1 exit status
CMakeFiles/cmTC_f109c.dir/build.make:86: recipe for target 'cmTC_f109c' failed
make[1]: *** [cmTC_f109c] Error 1
make[1]: Leaving directory '/home/jieming/car_ws/src/my_controller/cmake-build-debug/CMakeFiles/CMakeTmp'
Makefile:121: recipe for target 'cmTC_f109c/fast' failed
make: *** [cmTC_f109c/fast] Error 2


